2024-09-13 20:08:14 - log - WARNING - Menu link not found for URL: https://www.google.com/maps?cid=14832468991130716146
2024-09-13 20:08:14 - log - WARNING - Menu link not found for URL: https://www.google.com/maps?cid=10954773218962710351
2024-09-13 20:08:14 - log - WARNING - Menu link not found for URL: https://www.google.com/maps?cid=6157257572959828243
2024-09-13 20:08:14 - log - WARNING - Menu link not found for URL: https://www.google.com/maps?cid=15735279901681881613
2024-09-13 20:08:15 - log - WARNING - Menu link not found for URL: https://www.google.com/maps?cid=13833346181107160186
2024-09-13 20:08:15 - log - WARNING - Menu link not found for URL: https://www.google.com/maps?cid=5408537383194438044
2024-09-13 20:08:15 - log - WARNING - Menu link not found for URL: https://www.google.com/maps?cid=8962575733720934598
2024-09-13 20:08:15 - log - WARNING - Menu link not found for URL: https://www.google.com/maps?cid=4912631648254529082
2024-09-13 20:08:15 - log - WARNING - Menu link not found for URL: https://www.google.com/maps?cid=10466151436166807688
2024-09-13 20:08:15 - log - WARNING - Menu link not found for URL: https://www.google.com/maps?cid=16524837310525833975
2024-09-13 20:08:15 - log - WARNING - Menu link not found for URL: https://www.google.com/maps?cid=662212966455817454
2024-09-13 20:08:15 - log - WARNING - Menu link not found for URL: https://www.google.com/maps?cid=12469803889665377897
2024-09-13 20:08:15 - log - WARNING - Menu link not found for URL: https://www.google.com/maps?cid=16154128012727050777
2024-09-13 20:08:15 - log - WARNING - Menu link not found for URL: https://www.google.com/maps?cid=9363701429267865837
2024-09-13 20:08:15 - log - WARNING - Menu link not found for URL: https://www.google.com/maps?cid=10704472676078798549
2024-09-13 20:08:15 - log - WARNING - Menu link not found for URL: https://www.google.com/maps?cid=11728860193790463062
2024-09-13 20:08:15 - log - WARNING - Menu link not found for URL: https://www.google.com/maps?cid=11801480554006332534
2024-09-13 20:08:15 - log - WARNING - Menu link not found for URL: https://www.google.com/maps?cid=6974099171429272287
2024-09-13 20:08:15 - log - WARNING - Menu link not found for URL: https://www.google.com/maps?cid=646409739273672772
2024-09-13 20:08:18 - log - WARNING - Menu link not found for URL: https://www.google.com/maps?cid=15219038864957022598
2024-09-13 20:08:21 - log - WARNING - Menu link not found for URL: https://www.google.com/maps?cid=1298404794696069004
2024-09-13 20:08:21 - log - WARNING - Menu link not found for URL: https://www.google.com/maps?cid=14212024679545445650
2024-09-13 20:08:21 - log - WARNING - Menu link not found for URL: https://www.google.com/maps?cid=6117253550514087981
2024-09-13 20:08:22 - log - WARNING - Menu link not found for URL: https://www.google.com/maps?cid=14811233490940989735
2024-09-13 20:08:29 - log - WARNING - Menu link not found for URL: https://www.google.com/maps?cid=9255755232446150909
2024-09-13 20:08:31 - log - WARNING - Menu link not found for URL: https://www.google.com/maps?cid=18007793165384594427
2024-09-13 20:08:31 - log - WARNING - No URLs provided for special characteristics filtering.
2024-09-13 20:08:31 - log - WARNING - Detected potential cycle for link: https://www.carrabbas.com/ in URL: https://www.carrabbas.com/menu/copperfield
2024-09-13 20:08:31 - log - WARNING - No URLs provided for special characteristics filtering.
2024-09-13 20:08:31 - log - WARNING - Detected potential cycle for link: https://www.carrabbas.com/ in URL: https://www.carrabbas.com/menu/cinco-ranch
2024-09-13 20:08:32 - log - WARNING - Detected potential cycle for link: https://www.carrabbas.com/ in URL: https://www.carrabbas.com/menu/woodlands
2024-09-13 20:08:32 - log - WARNING - Detected potential cycle for link: https://www.carrabbas.com/ in URL: https://www.carrabbas.com/menu/kingwood
2024-09-13 20:08:32 - log - WARNING - Detected potential cycle for link: https://www.carrabbas.com/ in URL: https://www.carrabbas.com/menu/webster
2024-09-13 20:08:32 - log - WARNING - Detected potential cycle for link: https://www.carrabbas.com/ in URL: https://www.carrabbas.com/menu/houston-champions
2024-09-13 20:08:32 - log - WARNING - No URLs provided for special characteristics filtering.
2024-09-13 20:08:33 - log - WARNING - No URLs provided for special characteristics filtering.
2024-09-13 20:08:39 - log - WARNING - Detected potential cycle for link: https://www.outback.com/ in URL: https://www.outback.com/menu
2024-09-13 20:08:39 - log - WARNING - Menu link not found for URL: https://www.google.com/maps?cid=149071089340772978
2024-09-13 20:08:42 - log - WARNING - Detected potential cycle for link: https://www.papajohns.com/ in URL: https://www.papajohns.com/order/viewStoreMenu/CARRYOUT/BUSINESS/3660
2024-09-13 20:08:42 - log - WARNING - Detected potential cycle for link: https://www.papajohns.com/ in URL: https://www.papajohns.com/order/viewStoreMenu/CARRYOUT/BUSINESS/1506
2024-09-13 20:08:44 - log - WARNING - Menu link not found for URL: https://www.google.com/maps?cid=8591044638517213483
2024-09-13 20:08:44 - log - WARNING - Menu link not found for URL: https://www.google.com/maps?cid=13900864757119898810
2024-09-13 20:08:44 - log - WARNING - Menu link not found for URL: https://www.google.com/maps?cid=11891942371130395269
2024-09-13 20:08:44 - log - WARNING - Menu link not found for URL: https://www.google.com/maps?cid=5302942218782167540
2024-09-13 20:08:45 - log - WARNING - Menu link not found for URL: https://www.google.com/maps?cid=5719092410040196019
2024-09-13 20:08:45 - log - WARNING - Menu link not found for URL: https://www.google.com/maps?cid=17961375206986743024
2024-09-13 20:08:45 - log - WARNING - Menu link not found for URL: https://www.google.com/maps?cid=11179334498590078393
2024-09-13 20:08:46 - log - WARNING - Detected potential cycle for link: http://www.fiveguys.com/ in URL: http://www.fiveguys.com/Menu
2024-09-13 20:08:46 - log - WARNING - No data found for hash_key='https://www.fiveguys.com/-/media/public-site/files/allergen-ingredients-and-nutrition-info/five-guys-us-nutrition--allergen-guide-january-2024.ashx'
2024-09-13 20:08:46 - log - WARNING - No data found in 'source_dest' for key: https://www.fiveguys.com/-/media/public-site/files/allergen-ingredients-and-nutrition-info/five-guys-us-nutrition--allergen-guide-january-2024.ashx
2024-09-13 20:08:48 - log - ERROR - Initial navigation failed for URL: https://www.fiveguys.com/-/media/public-site/files/allergen-ingredients-and-nutrition-info/five-guys-us-nutrition--allergen-guide-january-2024.ashx. Error: Page.goto: Download is starting
Call log:
navigating to "https://www.fiveguys.com/-/media/public-site/files/allergen-ingredients-and-nutrition-info/five-guys-us-nutrition--allergen-guide-january-2024.ashx", waiting until "networkidle"

2024-09-13 20:08:48 - log - ERROR - Retry navigation failed for URL: https://www.fiveguys.com/-/media/public-site/files/allergen-ingredients-and-nutrition-info/five-guys-us-nutrition--allergen-guide-january-2024.ashx. Error: Page.goto: Download is starting
Call log:
navigating to "https://www.fiveguys.com/-/media/public-site/files/allergen-ingredients-and-nutrition-info/five-guys-us-nutrition--allergen-guide-january-2024.ashx", waiting until "networkidle"

2024-09-13 20:08:49 - log - ERROR - Failed to fetch content for URL: https://www.fiveguys.com/-/media/public-site/files/allergen-ingredients-and-nutrition-info/five-guys-us-nutrition--allergen-guide-january-2024.ashx
2024-09-13 20:08:49 - log - WARNING - No data found for hash_key='https://www.fiveguys.com/-/media/public-site/files/allergen-ingredients-and-nutrition-info/five-guys-us-nutrition--allergen-guide-january-2024.ashx'
2024-09-13 20:08:49 - log - WARNING - No data found in 'source_dest' for key: https://www.fiveguys.com/-/media/public-site/files/allergen-ingredients-and-nutrition-info/five-guys-us-nutrition--allergen-guide-january-2024.ashx
2024-09-13 20:08:49 - log - ERROR - Initial navigation failed for URL: https://www.fiveguys.com/-/media/public-site/files/allergen-ingredients-and-nutrition-info/five-guys-us-nutrition--allergen-guide-january-2024.ashx. Error: Page.goto: Download is starting
Call log:
navigating to "https://www.fiveguys.com/-/media/public-site/files/allergen-ingredients-and-nutrition-info/five-guys-us-nutrition--allergen-guide-january-2024.ashx", waiting until "networkidle"

2024-09-13 20:08:50 - log - ERROR - Retry navigation failed for URL: https://www.fiveguys.com/-/media/public-site/files/allergen-ingredients-and-nutrition-info/five-guys-us-nutrition--allergen-guide-january-2024.ashx. Error: Page.goto: Download is starting
Call log:
navigating to "https://www.fiveguys.com/-/media/public-site/files/allergen-ingredients-and-nutrition-info/five-guys-us-nutrition--allergen-guide-january-2024.ashx", waiting until "networkidle"

2024-09-13 20:08:50 - log - ERROR - Failed to fetch content for URL: https://www.fiveguys.com/-/media/public-site/files/allergen-ingredients-and-nutrition-info/five-guys-us-nutrition--allergen-guide-january-2024.ashx
2024-09-13 20:08:50 - log - WARNING - No data found for hash_key='https://www.fiveguys.com/-/media/public-site/files/allergen-ingredients-and-nutrition-info/five-guys-us-nutrition--allergen-guide-january-2024.ashx'
2024-09-13 20:08:50 - log - WARNING - No data found in 'source_dest' for key: https://www.fiveguys.com/-/media/public-site/files/allergen-ingredients-and-nutrition-info/five-guys-us-nutrition--allergen-guide-january-2024.ashx
2024-09-13 20:08:50 - log - ERROR - Initial navigation failed for URL: https://www.fiveguys.com/-/media/public-site/files/allergen-ingredients-and-nutrition-info/five-guys-us-nutrition--allergen-guide-january-2024.ashx. Error: Page.goto: Download is starting
Call log:
navigating to "https://www.fiveguys.com/-/media/public-site/files/allergen-ingredients-and-nutrition-info/five-guys-us-nutrition--allergen-guide-january-2024.ashx", waiting until "networkidle"

2024-09-13 20:08:51 - log - ERROR - Retry navigation failed for URL: https://www.fiveguys.com/-/media/public-site/files/allergen-ingredients-and-nutrition-info/five-guys-us-nutrition--allergen-guide-january-2024.ashx. Error: Page.goto: Download is starting
Call log:
navigating to "https://www.fiveguys.com/-/media/public-site/files/allergen-ingredients-and-nutrition-info/five-guys-us-nutrition--allergen-guide-january-2024.ashx", waiting until "networkidle"

2024-09-13 20:08:51 - log - ERROR - Failed to fetch content for URL: https://www.fiveguys.com/-/media/public-site/files/allergen-ingredients-and-nutrition-info/five-guys-us-nutrition--allergen-guide-january-2024.ashx
2024-09-13 20:08:51 - log - ERROR - Failed to fetch page https://www.fiveguys.com/-/media/public-site/files/allergen-ingredients-and-nutrition-info/five-guys-us-nutrition--allergen-guide-january-2024.ashx after 3 attempts.
2024-09-13 20:08:51 - log - WARNING - No data found for hash_key='https://www.fiveguys.com/-/media/public-site/files/allergen-ingredients-and-nutrition-info/five-guys-us-nutrition--allergen-guide-january-2024.ashx'
2024-09-13 20:08:51 - log - WARNING - No data found in 'url_to_itemize' for key: https://www.fiveguys.com/-/media/public-site/files/allergen-ingredients-and-nutrition-info/five-guys-us-nutrition--allergen-guide-january-2024.ashx
2024-09-13 20:08:51 - log - WARNING - No data found for hash_key='https://www.fiveguys.com/-/media/public-site/files/allergen-ingredients-and-nutrition-info/five-guys-us-nutrition--allergen-guide-january-2024.ashx'
2024-09-13 20:08:51 - log - WARNING - No data found in 'source_dest' for key: https://www.fiveguys.com/-/media/public-site/files/allergen-ingredients-and-nutrition-info/five-guys-us-nutrition--allergen-guide-january-2024.ashx
2024-09-13 20:08:52 - log - ERROR - Initial navigation failed for URL: https://www.fiveguys.com/-/media/public-site/files/allergen-ingredients-and-nutrition-info/five-guys-us-nutrition--allergen-guide-january-2024.ashx. Error: Page.goto: Download is starting
Call log:
navigating to "https://www.fiveguys.com/-/media/public-site/files/allergen-ingredients-and-nutrition-info/five-guys-us-nutrition--allergen-guide-january-2024.ashx", waiting until "networkidle"

2024-09-13 20:08:52 - log - ERROR - Retry navigation failed for URL: https://www.fiveguys.com/-/media/public-site/files/allergen-ingredients-and-nutrition-info/five-guys-us-nutrition--allergen-guide-january-2024.ashx. Error: Page.goto: Download is starting
Call log:
navigating to "https://www.fiveguys.com/-/media/public-site/files/allergen-ingredients-and-nutrition-info/five-guys-us-nutrition--allergen-guide-january-2024.ashx", waiting until "networkidle"

2024-09-13 20:08:52 - log - ERROR - Failed to fetch content for URL: https://www.fiveguys.com/-/media/public-site/files/allergen-ingredients-and-nutrition-info/five-guys-us-nutrition--allergen-guide-january-2024.ashx
2024-09-13 20:08:52 - log - WARNING - No content fetched for URL: https://www.fiveguys.com/-/media/public-site/files/allergen-ingredients-and-nutrition-info/five-guys-us-nutrition--allergen-guide-january-2024.ashx
2024-09-13 20:08:54 - log - WARNING - Detected potential cycle for link: http://www.fiveguys.com/ in URL: http://www.fiveguys.com/Menu
2024-09-13 20:08:54 - log - WARNING - No data found for hash_key='https://www.fiveguys.com/-/media/public-site/files/allergen-ingredients-and-nutrition-info/five-guys-us-nutrition--allergen-guide-january-2024.ashx'
2024-09-13 20:08:54 - log - WARNING - No data found in 'source_dest' for key: https://www.fiveguys.com/-/media/public-site/files/allergen-ingredients-and-nutrition-info/five-guys-us-nutrition--allergen-guide-january-2024.ashx
2024-09-13 20:08:55 - log - ERROR - Initial navigation failed for URL: https://www.fiveguys.com/-/media/public-site/files/allergen-ingredients-and-nutrition-info/five-guys-us-nutrition--allergen-guide-january-2024.ashx. Error: Page.goto: Download is starting
Call log:
navigating to "https://www.fiveguys.com/-/media/public-site/files/allergen-ingredients-and-nutrition-info/five-guys-us-nutrition--allergen-guide-january-2024.ashx", waiting until "networkidle"

2024-09-13 20:08:55 - log - ERROR - Retry navigation failed for URL: https://www.fiveguys.com/-/media/public-site/files/allergen-ingredients-and-nutrition-info/five-guys-us-nutrition--allergen-guide-january-2024.ashx. Error: Page.goto: Download is starting
Call log:
navigating to "https://www.fiveguys.com/-/media/public-site/files/allergen-ingredients-and-nutrition-info/five-guys-us-nutrition--allergen-guide-january-2024.ashx", waiting until "networkidle"

2024-09-13 20:08:55 - log - ERROR - Failed to fetch content for URL: https://www.fiveguys.com/-/media/public-site/files/allergen-ingredients-and-nutrition-info/five-guys-us-nutrition--allergen-guide-january-2024.ashx
2024-09-13 20:08:55 - log - WARNING - No data found for hash_key='https://www.fiveguys.com/-/media/public-site/files/allergen-ingredients-and-nutrition-info/five-guys-us-nutrition--allergen-guide-january-2024.ashx'
2024-09-13 20:08:55 - log - WARNING - No data found in 'source_dest' for key: https://www.fiveguys.com/-/media/public-site/files/allergen-ingredients-and-nutrition-info/five-guys-us-nutrition--allergen-guide-january-2024.ashx
2024-09-13 20:08:56 - log - ERROR - Initial navigation failed for URL: https://www.fiveguys.com/-/media/public-site/files/allergen-ingredients-and-nutrition-info/five-guys-us-nutrition--allergen-guide-january-2024.ashx. Error: Page.goto: Download is starting
Call log:
navigating to "https://www.fiveguys.com/-/media/public-site/files/allergen-ingredients-and-nutrition-info/five-guys-us-nutrition--allergen-guide-january-2024.ashx", waiting until "networkidle"

2024-09-13 20:08:56 - log - ERROR - Retry navigation failed for URL: https://www.fiveguys.com/-/media/public-site/files/allergen-ingredients-and-nutrition-info/five-guys-us-nutrition--allergen-guide-january-2024.ashx. Error: Page.goto: Download is starting
Call log:
navigating to "https://www.fiveguys.com/-/media/public-site/files/allergen-ingredients-and-nutrition-info/five-guys-us-nutrition--allergen-guide-january-2024.ashx", waiting until "networkidle"

2024-09-13 20:08:56 - log - ERROR - Failed to fetch content for URL: https://www.fiveguys.com/-/media/public-site/files/allergen-ingredients-and-nutrition-info/five-guys-us-nutrition--allergen-guide-january-2024.ashx
2024-09-13 20:08:56 - log - WARNING - No data found for hash_key='https://www.fiveguys.com/-/media/public-site/files/allergen-ingredients-and-nutrition-info/five-guys-us-nutrition--allergen-guide-january-2024.ashx'
2024-09-13 20:08:56 - log - WARNING - No data found in 'source_dest' for key: https://www.fiveguys.com/-/media/public-site/files/allergen-ingredients-and-nutrition-info/five-guys-us-nutrition--allergen-guide-january-2024.ashx
2024-09-13 20:08:57 - log - ERROR - Initial navigation failed for URL: https://www.fiveguys.com/-/media/public-site/files/allergen-ingredients-and-nutrition-info/five-guys-us-nutrition--allergen-guide-january-2024.ashx. Error: Page.goto: Download is starting
Call log:
navigating to "https://www.fiveguys.com/-/media/public-site/files/allergen-ingredients-and-nutrition-info/five-guys-us-nutrition--allergen-guide-january-2024.ashx", waiting until "networkidle"

2024-09-13 20:08:57 - log - ERROR - Retry navigation failed for URL: https://www.fiveguys.com/-/media/public-site/files/allergen-ingredients-and-nutrition-info/five-guys-us-nutrition--allergen-guide-january-2024.ashx. Error: Page.goto: Download is starting
Call log:
navigating to "https://www.fiveguys.com/-/media/public-site/files/allergen-ingredients-and-nutrition-info/five-guys-us-nutrition--allergen-guide-january-2024.ashx", waiting until "networkidle"

2024-09-13 20:08:57 - log - ERROR - Failed to fetch content for URL: https://www.fiveguys.com/-/media/public-site/files/allergen-ingredients-and-nutrition-info/five-guys-us-nutrition--allergen-guide-january-2024.ashx
2024-09-13 20:08:57 - log - ERROR - Failed to fetch page https://www.fiveguys.com/-/media/public-site/files/allergen-ingredients-and-nutrition-info/five-guys-us-nutrition--allergen-guide-january-2024.ashx after 3 attempts.
2024-09-13 20:08:57 - log - WARNING - No data found for hash_key='https://www.fiveguys.com/-/media/public-site/files/allergen-ingredients-and-nutrition-info/five-guys-us-nutrition--allergen-guide-january-2024.ashx'
2024-09-13 20:08:57 - log - WARNING - No data found in 'url_to_itemize' for key: https://www.fiveguys.com/-/media/public-site/files/allergen-ingredients-and-nutrition-info/five-guys-us-nutrition--allergen-guide-january-2024.ashx
2024-09-13 20:08:57 - log - WARNING - No data found for hash_key='https://www.fiveguys.com/-/media/public-site/files/allergen-ingredients-and-nutrition-info/five-guys-us-nutrition--allergen-guide-january-2024.ashx'
2024-09-13 20:08:57 - log - WARNING - No data found in 'source_dest' for key: https://www.fiveguys.com/-/media/public-site/files/allergen-ingredients-and-nutrition-info/five-guys-us-nutrition--allergen-guide-january-2024.ashx
2024-09-13 20:08:58 - log - ERROR - Initial navigation failed for URL: https://www.fiveguys.com/-/media/public-site/files/allergen-ingredients-and-nutrition-info/five-guys-us-nutrition--allergen-guide-january-2024.ashx. Error: Page.goto: Download is starting
Call log:
navigating to "https://www.fiveguys.com/-/media/public-site/files/allergen-ingredients-and-nutrition-info/five-guys-us-nutrition--allergen-guide-january-2024.ashx", waiting until "networkidle"

2024-09-13 20:08:59 - log - ERROR - Retry navigation failed for URL: https://www.fiveguys.com/-/media/public-site/files/allergen-ingredients-and-nutrition-info/five-guys-us-nutrition--allergen-guide-january-2024.ashx. Error: Page.goto: Download is starting
Call log:
navigating to "https://www.fiveguys.com/-/media/public-site/files/allergen-ingredients-and-nutrition-info/five-guys-us-nutrition--allergen-guide-january-2024.ashx", waiting until "networkidle"

2024-09-13 20:08:59 - log - ERROR - Failed to fetch content for URL: https://www.fiveguys.com/-/media/public-site/files/allergen-ingredients-and-nutrition-info/five-guys-us-nutrition--allergen-guide-january-2024.ashx
2024-09-13 20:08:59 - log - WARNING - No content fetched for URL: https://www.fiveguys.com/-/media/public-site/files/allergen-ingredients-and-nutrition-info/five-guys-us-nutrition--allergen-guide-january-2024.ashx
2024-09-13 20:09:01 - log - WARNING - Menu link not found for URL: https://www.google.com/maps?cid=11421329007700361911
2024-09-13 20:09:01 - log - WARNING - Menu link not found for URL: https://www.google.com/maps?cid=11541844319785319500
2024-09-13 20:09:01 - log - WARNING - Menu link not found for URL: https://www.google.com/maps?cid=15646975275851423825
2024-09-13 20:09:02 - log - WARNING - Menu link not found for URL: https://www.google.com/maps?cid=8556699784088649980
2024-09-13 20:09:02 - log - WARNING - Menu link not found for URL: https://www.google.com/maps?cid=629634967789983749
2024-09-13 20:09:02 - log - WARNING - Menu link not found for URL: https://www.google.com/maps?cid=2338859406289569744
2024-09-13 20:09:02 - log - WARNING - Menu link not found for URL: https://www.google.com/maps?cid=14837897111589031481
2024-09-13 20:09:02 - log - WARNING - Menu link not found for URL: https://www.google.com/maps?cid=9523262126257258432
2024-09-13 20:09:02 - log - WARNING - Menu link not found for URL: https://www.google.com/maps?cid=2645110438402033898
2024-09-13 20:09:02 - log - WARNING - Menu link not found for URL: https://www.google.com/maps?cid=8209101372818753811
2024-09-13 20:09:02 - log - WARNING - Menu link not found for URL: https://www.google.com/maps?cid=5507866397694545750
2024-09-13 20:09:02 - log - WARNING - Menu link not found for URL: https://www.google.com/maps?cid=15681731981423363994
2024-09-13 20:09:02 - log - WARNING - Menu link not found for URL: https://www.google.com/maps?cid=2821622489880930437
2024-09-13 20:09:02 - log - WARNING - Menu link not found for URL: https://www.google.com/maps?cid=11472840619005334869
2024-09-13 20:09:02 - log - WARNING - Menu link not found for URL: https://www.google.com/maps?cid=7612663216842110648
2024-09-13 20:09:02 - log - WARNING - Menu link not found for URL: https://www.google.com/maps?cid=9518025683011263140
2024-09-13 20:09:02 - log - WARNING - Menu link not found for URL: https://www.google.com/maps?cid=2621676355879631790
2024-09-13 20:09:02 - log - WARNING - Menu link not found for URL: https://www.google.com/maps?cid=16780599028546556111
2024-09-13 20:09:02 - log - WARNING - Menu link not found for URL: https://www.google.com/maps?cid=13209198497965065903
2024-09-13 20:09:02 - log - WARNING - Menu link not found for URL: https://www.google.com/maps/place/Torchy's+Tacos/@29.6422518,-95.5770297,17z/data=!3m1!4b1!4m6!3m5!1s0x8640e7912d8684ed:0xf537d8bcd9a4220!8m2!3d29.6422518!4d-95.5770297!16s%2Fg%2F11qqrflfsc?entry=ttu&g_ep=EgoyMDI0MDkxMS4wIKXMDSoASAFQAw%3D%3D
